<?xml version="1.0" encoding="UTF-8"?>
<testng-results ignored="0" total="1" passed="1" failed="0" skipped="0">
  <reporter-output>
    <line>
      <![CDATA[Stock-000000976    Stock-000000976]]>
    </line>
  </reporter-output>
  <suite started-at="2024-03-20T19:40:25 IST" name="Surefire suite" finished-at="2024-03-20T19:41:03 IST" duration-ms="38276">
    <groups>
    </groups>
    <test started-at="2024-03-20T19:40:25 IST" name="Surefire test" finished-at="2024-03-20T19:41:03 IST" duration-ms="38276">
      <class name="driverFactory.AppTest">
        <test-method signature="kickstart()[pri:0, instance:driverFactory.AppTest@61386958]" started-at="2024-03-20T19:40:25 IST" name="kickstart" finished-at="2024-03-20T19:41:03 IST" duration-ms="38185" status="PASS">
          <reporter-output>
            <line>
              <![CDATA[Stock-000000976    Stock-000000976]]>
            </line>
          </reporter-output>
        </test-method> <!-- kickstart -->
      </class> <!-- driverFactory.AppTest -->
    </test> <!-- Surefire test -->
  </suite> <!-- Surefire suite -->
</testng-results>
