<?xml version="1.0" encoding="UTF-8"?>
<testng-results ignored="0" total="1" passed="1" failed="0" skipped="0">
  <reporter-output>
  </reporter-output>
  <suite started-at="2024-03-16T00:32:45 IST" name="Default suite" finished-at="2024-03-16T00:32:59 IST" duration-ms="14276">
    <groups>
    </groups>
    <test started-at="2024-03-16T00:32:45 IST" name="Default test" finished-at="2024-03-16T00:32:59 IST" duration-ms="14276">
      <class name="driverFactory.AppTest">
        <test-method signature="kickstart()[pri:0, instance:driverFactory.AppTest@48aca48b]" started-at="2024-03-16T00:32:45 IST" name="kickstart" finished-at="2024-03-16T00:32:59 IST" duration-ms="14197" status="PASS">
          <reporter-output>
          </reporter-output>
        </test-method> <!-- kickstart -->
      </class> <!-- driverFactory.AppTest -->
    </test> <!-- Default test -->
  </suite> <!-- Default suite -->
</testng-results>
